<?xml version="1.0" encoding="UTF-8"?><testsuite failures="0" name="cucumber.runtime.formatter.JUnitFormatter" skipped="1" tests="1" time="40.204758">
<testcase classname="Deal Data Creation" name="Free CRM creating a new Deal Scenario" time="40.204758">
<skipped><![CDATA[Given user is already on Login Page.........................................passed
When title of login page is Free CRM........................................passed
Then user enters username and password......................................passed
Then user clicks on login button............................................passed
Then user is on home page...................................................passed
Then user moves to deals page...............................................passed
Then click on new deal......................................................passed
Then close the browser......................................................undefined
]]></skipped>
</testcase>
</testsuite>
